<?xml version="1.0" encoding="UTF-8"?>
<!-- Generated by org.testng.reporters.JUnitReportReporter -->
<testsuite hostname="LAPTOP-SK4BPO9M" failures="0" tests="10" name="Runner.logintied" time="83.163" errors="0" timestamp="2022-07-29T09:41:41 IST" skipped="0">
  <testcase classname="Runner.logintied" name="loginApp" time="2.781"/>
  <system-out/>
  <testcase classname="Runner.logintied" name="livechatoo" time="12.421"/>
  <system-out>
    <![CDATA[live Done]]>
  </system-out>
  <testcase classname="Runner.logintied" name="contactus" time="10.612"/>
  <system-out/>
  <testcase classname="Runner.logintied" name="searchapp" time="10.306"/>
  <system-out/>
  <testcase classname="Runner.logintied" name="products" time="12.515"/>
  <system-out/>
  <testcase classname="Runner.logintied" name="couponsandrewards" time="5.731"/>
  <system-out>
    <![CDATA[coupons Done]]>
  </system-out>
  <testcase classname="Runner.logintied" name="Learnmoreee" time="15.668"/>
  <system-out>
    <![CDATA[Learnmore done]]>
  </system-out>
  <testcase classname="Runner.logintied" name="Facebookkkk" time="6.056"/>
  <system-out>
    <![CDATA[searching Done]]>
  </system-out>
  <testcase classname="Runner.logintied" name="shoptext" time="3.581"/>
  <system-out/>
  <testcase classname="Runner.logintied" name="privacy" time="3.492"/>
  <system-out/>
</testsuite> <!-- Runner.logintied -->
